SF:lib/features/auth/application/auth_state.dart
DA:6,4
DA:8,4
DA:9,4
DA:12,2
DA:13,2
DA:16,2
DA:17,2
LF:7
LH:7
end_of_record
SF:lib/features/auth/application/auth_provider.dart
DA:7,13
DA:9,9
DA:10,12
LF:3
LH:3
end_of_record
SF:lib/core/presentation/auth_gate.dart
DA:11,2
DA:13,2
DA:14,2
DA:18,2
DA:20,6
DA:21,0
DA:22,0
DA:24,0
DA:25,0
DA:26,0
DA:27,0
DA:30,0
DA:31,0
DA:32,0
DA:35,0
DA:41,4
LF:16
LH:6
end_of_record
SF:lib/features/auth/application/auth_notifier.dart
DA:10,9
DA:11,3
DA:14,3
DA:16,6
DA:17,3
DA:18,2
DA:19,3
DA:20,2
DA:22,6
DA:26,3
DA:28,3
DA:29,6
DA:30,2
DA:33,1
DA:34,2
DA:35,2
DA:38,1
DA:39,2
DA:40,2
LF:19
LH:19
end_of_record
SF:lib/repositories/auth_repository.dart
DA:7,2
DA:8,2
DA:9,0
DA:12,2
DA:13,2
DA:14,0
DA:17,0
DA:18,0
DA:19,0
LF:9
LH:4
end_of_record
SF:lib/app.dart
DA:8,0
DA:10,0
DA:12,0
DA:14,0
DA:16,0
DA:21,2
DA:22,2
DA:24,2
DA:25,2
DA:27,2
DA:29,2
DA:31,0
LF:12
LH:6
end_of_record
SF:lib/features/auth/presentation/screens/login_screen.dart
DA:7,6
DA:9,2
DA:11,2
DA:12,2
DA:13,2
DA:14,2
DA:15,2
DA:17,6
DA:18,2
LF:9
LH:9
end_of_record
SF:lib/features/home/presentation/screens/home_screen.dart
DA:4,5
DA:6,1
DA:8,1
DA:9,1
DA:10,1
DA:11,1
DA:12,1
DA:15,1
LF:8
LH:8
end_of_record
