SF:lib/features/home/presentation/widgets/logout_button.dart
DA:7,1
DA:9,1
DA:11,1
DA:13,1
DA:14,2
DA:15,4
DA:16,2
DA:17,1
DA:18,1
LF:9
LH:9
end_of_record
SF:lib/features/auth/application/auth_provider.dart
DA:8,3
DA:9,0
DA:12,24
DA:13,0
LF:4
LH:2
end_of_record
SF:lib/features/auth/application/auth_notifier.dart
DA:10,24
DA:11,8
DA:14,8
DA:16,16
DA:17,7
DA:18,6
DA:19,7
DA:20,10
DA:22,8
DA:26,2
DA:27,4
DA:29,4
DA:34,4
DA:35,8
DA:36,8
DA:37,8
DA:39,8
DA:40,8
DA:42,4
DA:47,2
DA:48,4
DA:50,4
DA:55,1
DA:57,2
DA:58,2
DA:64,1
DA:66,2
DA:67,2
DA:73,1
DA:75,2
DA:81,0
DA:83,0
LF:32
LH:30
end_of_record
SF:lib/features/auth/application/auth_state.dart
DA:6,9
DA:8,9
DA:9,9
DA:12,7
DA:13,7
DA:16,7
DA:17,7
LF:7
LH:7
end_of_record
SF:lib/repositories/auth_repository.dart
DA:10,1
DA:11,0
DA:14,0
DA:15,0
DA:20,0
DA:22,0
DA:27,0
DA:28,0
DA:32,0
DA:35,0
DA:38,0
DA:39,0
DA:44,1
DA:46,1
DA:47,1
DA:53,1
DA:54,1
DA:55,1
DA:60,1
DA:62,1
DA:63,1
DA:70,0
DA:71,0
DA:73,0
DA:74,0
DA:76,0
DA:79,0
DA:80,0
DA:81,0
DA:83,0
DA:87,0
DA:89,0
DA:90,0
LF:33
LH:10
end_of_record
SF:lib/app.dart
DA:10,2
DA:12,2
DA:14,2
DA:15,2
DA:21,2
DA:22,4
DA:23,2
DA:25,2
DA:26,2
DA:27,2
DA:29,2
DA:30,2
DA:32,4
DA:34,2
DA:36,2
DA:38,2
DA:40,2
DA:47,2
DA:48,1
DA:49,2
LF:20
LH:20
end_of_record
SF:lib/navigation/navigation_guard.dart
DA:8,3
DA:10,3
DA:11,9
DA:12,6
DA:13,4
DA:14,6
DA:17,4
DA:18,2
DA:26,15
LF:9
LH:9
end_of_record
SF:lib/features/auth/presentation/screens/login_screen.dart
DA:15,24
DA:20,4
DA:21,4
DA:33,1
DA:35,3
DA:36,1
DA:38,7
DA:39,1
DA:41,4
DA:42,2
DA:45,2
DA:47,2
DA:51,1
DA:52,2
DA:53,1
DA:56,1
DA:58,6
DA:59,1
DA:61,0
DA:63,1
DA:68,1
DA:69,1
DA:71,2
DA:72,1
DA:74,1
DA:75,1
DA:80,2
DA:81,2
DA:82,2
DA:84,4
DA:85,2
DA:86,2
DA:90,1
DA:92,2
DA:93,1
DA:94,1
DA:98,1
DA:99,2
DA:100,2
DA:101,1
DA:102,1
DA:108,4
DA:109,4
DA:110,4
DA:112,5
DA:113,4
DA:114,4
DA:120,4
DA:121,11
DA:124,8
DA:126,8
DA:130,8
DA:132,4
DA:134,2
DA:135,4
DA:136,4
DA:137,4
DA:142,4
DA:144,8
DA:145,4
DA:146,4
DA:147,4
DA:148,4
DA:150,4
DA:151,4
DA:152,4
DA:154,4
DA:155,8
DA:156,8
DA:157,4
DA:158,4
DA:159,4
DA:160,4
DA:163,4
DA:164,4
DA:165,4
DA:166,4
DA:169,4
DA:170,4
DA:171,4
DA:172,4
DA:173,4
DA:174,2
LF:83
LH:82
end_of_record
SF:lib/features/auth/presentation/screens/register_screen.dart
DA:8,23
DA:10,3
DA:11,3
DA:23,1
DA:24,3
DA:25,1
DA:27,1
DA:28,3
DA:29,3
DA:30,3
DA:32,2
DA:34,1
DA:39,1
DA:40,2
DA:41,1
DA:43,1
DA:44,1
DA:49,1
DA:50,2
DA:51,2
DA:52,1
DA:56,1
DA:57,2
DA:58,2
DA:59,1
DA:60,1
DA:66,6
DA:68,2
DA:69,2
DA:73,6
DA:75,0
DA:76,0
DA:80,6
DA:83,1
DA:84,1
DA:85,1
DA:87,1
DA:88,1
DA:91,6
DA:94,1
DA:95,1
DA:96,1
DA:98,3
DA:101,6
DA:102,6
DA:103,3
DA:108,6
DA:109,9
DA:113,3
DA:115,6
DA:116,3
DA:117,3
DA:118,3
DA:119,3
DA:121,3
DA:122,3
DA:123,3
DA:125,3
DA:126,3
DA:127,3
DA:128,3
DA:130,3
DA:132,3
DA:133,3
LF:64
LH:62
end_of_record
SF:lib/features/home/presentation/screens/home_screen.dart
DA:9,22
DA:11,2
DA:12,2
DA:18,1
DA:20,1
DA:21,1
DA:22,1
DA:23,1
DA:25,1
DA:27,3
DA:28,2
DA:29,2
DA:30,4
DA:31,2
DA:32,1
DA:38,5
DA:42,2
DA:44,6
DA:45,2
DA:46,2
DA:47,2
DA:48,4
DA:50,2
DA:52,2
DA:54,2
DA:55,1
DA:56,2
DA:57,1
DA:58,1
DA:64,2
DA:67,2
DA:69,1
DA:70,2
LF:33
LH:33
end_of_record
SF:lib/constants.dart
DA:45,15
LF:1
LH:1
end_of_record
SF:lib/features/account/presentation/screens/account_screen.dart
DA:7,21
DA:9,1
DA:11,1
DA:12,1
DA:13,1
DA:14,1
DA:18,1
DA:19,4
DA:20,1
DA:21,1
LF:10
LH:10
end_of_record
SF:lib/features/auth/presentation/screens/auth_error_mapper.dart
DA:1,2
DA:2,2
DA:4,2
DA:5,2
DA:7,2
DA:9,2
DA:11,2
DA:13,2
DA:15,2
DA:17,2
DA:19,2
DA:21,1
DA:23,1
LF:13
LH:13
end_of_record
SF:lib/features/auth/presentation/widgets/error_banner.dart
DA:6,5
DA:8,5
DA:10,5
DA:11,3
DA:12,3
DA:13,9
LF:6
LH:6
end_of_record
SF:lib/features/auth/presentation/widgets/info_banner.dart
DA:6,5
DA:8,5
DA:10,5
DA:11,2
DA:12,2
DA:13,6
LF:6
LH:6
end_of_record
SF:lib/features/auth/presentation/widgets/email_field.dart
DA:8,5
DA:14,5
DA:16,5
DA:21,2
DA:22,4
DA:23,4
DA:24,4
DA:27,1
DA:28,1
LF:9
LH:9
end_of_record
SF:lib/features/auth/presentation/widgets/password_field.dart
DA:8,5
DA:14,5
DA:16,5
DA:20,2
DA:21,4
DA:22,4
DA:23,4
DA:26,1
DA:27,2
LF:9
LH:9
end_of_record
SF:lib/features/auth/presentation/widgets/google_login_button.dart
DA:11,6
DA:14,5
DA:15,5
DA:21,2
DA:22,6
DA:24,2
DA:25,2
DA:26,0
DA:28,0
DA:29,0
DA:30,0
DA:31,0
DA:32,0
DA:33,0
DA:34,0
DA:36,10
DA:38,8
DA:42,5
DA:44,15
DA:45,5
DA:49,5
DA:50,5
LF:22
LH:14
end_of_record
SF:lib/features/map/widgets/base_map_view.dart
DA:18,6
DA:19,6
DA:20,6
DA:29,4
DA:37,4
DA:38,4
DA:45,4
DA:47,4
DA:48,11
DA:49,8
DA:50,3
DA:54,4
DA:56,11
DA:57,4
DA:60,3
DA:62,3
DA:63,2
DA:64,4
DA:71,2
DA:72,2
DA:73,1
DA:75,1
DA:76,3
DA:80,4
DA:82,4
DA:84,3
DA:86,1
DA:88,1
DA:93,4
DA:95,4
DA:96,4
DA:97,4
DA:98,4
DA:99,8
DA:102,4
DA:103,4
DA:104,12
DA:107,12
DA:108,4
DA:109,12
DA:110,4
DA:111,4
DA:116,8
DA:118,11
DA:119,1
DA:120,1
DA:121,1
DA:122,1
DA:136,1
DA:138,1
DA:140,1
DA:142,1
DA:144,1
DA:149,1
DA:151,1
DA:153,1
DA:155,1
DA:157,1
LF:58
LH:58
end_of_record
SF:lib/features/options/widgets/option_bubble.dart
DA:12,4
DA:21,4
DA:22,4
DA:33,4
DA:35,4
DA:36,16
DA:38,12
DA:39,8
DA:40,4
DA:41,28
DA:46,3
DA:47,6
DA:48,6
DA:52,1
DA:53,2
DA:54,6
DA:58,1
DA:59,2
DA:60,6
DA:64,3
DA:66,3
DA:68,3
DA:70,3
DA:72,0
DA:79,3
DA:81,3
DA:83,3
DA:85,3
DA:87,0
DA:94,4
DA:96,12
DA:97,4
DA:98,4
DA:100,4
DA:101,3
DA:102,18
DA:103,9
DA:104,9
DA:105,3
DA:107,3
DA:109,3
DA:110,3
DA:112,3
DA:114,3
DA:116,3
DA:118,3
DA:119,3
DA:121,3
DA:130,3
DA:131,3
DA:132,3
DA:134,3
DA:135,2
DA:136,2
DA:137,6
DA:139,3
DA:140,3
DA:141,3
DA:142,3
DA:156,9
DA:158,3
DA:159,2
DA:160,2
DA:161,6
DA:163,3
DA:164,3
DA:165,3
DA:166,3
DA:168,3
DA:169,3
DA:171,3
DA:172,12
DA:175,12
DA:183,3
DA:184,3
DA:185,3
DA:186,3
DA:192,3
DA:194,3
DA:195,3
DA:197,3
DA:199,3
DA:201,3
DA:211,4
DA:212,8
DA:213,8
DA:214,4
DA:215,2
DA:216,4
DA:217,10
DA:218,8
DA:219,10
DA:220,8
DA:221,4
DA:224,2
DA:226,4
DA:227,4
DA:228,4
DA:229,4
DA:230,2
DA:232,4
DA:234,4
DA:236,4
DA:237,14
DA:240,2
DA:241,0
DA:243,2
DA:244,2
DA:246,1
DA:247,0
DA:249,1
DA:250,2
DA:253,0
DA:255,4
DA:256,2
DA:259,4
DA:260,4
DA:264,4
DA:267,4
DA:268,4
DA:269,12
LF:121
LH:116
end_of_record
SF:lib/features/map/application/map_overlay_provider.dart
DA:5,8
LF:1
LH:1
end_of_record
